<?xml version="1.0" encoding="UTF-8"?>
<testng-results skipped="0" failed="0" ignored="0" total="1" passed="1">
  <reporter-output>
    <line>
      <![CDATA[javaseli19@gmail.comin BaseTest]]>
    </line>
    <line>
      <![CDATA[Autotest19in BaseTest]]>
    </line>
    <line>
      <![CDATA[TestGmailLogin is passed]]>
    </line>
  </reporter-output>
  <suite name="Default suite" duration-ms="29378" started-at="2019-10-12T10:05:28Z" finished-at="2019-10-12T10:05:57Z">
    <groups>
    </groups>
    <test name="Default test" duration-ms="29378" started-at="2019-10-12T10:05:28Z" finished-at="2019-10-12T10:05:57Z">
      <class name="TestPom.TestGmailLogin">
        <test-method status="PASS" signature="openApp()[pri:0, instance:TestPom.TestGmailLogin@2a5ca609]" name="openApp" is-config="true" duration-ms="12213" started-at="2019-10-12T15:35:28Z" finished-at="2019-10-12T15:35:40Z">
          <reporter-output>
          </reporter-output>
        </test-method> <!-- openApp -->
        <test-method status="PASS" signature="GmailLogin()[pri:0, instance:TestPom.TestGmailLogin@2a5ca609]" name="GmailLogin" duration-ms="13008" started-at="2019-10-12T15:35:40Z" finished-at="2019-10-12T15:35:53Z">
          <reporter-output>
            <line>
              <![CDATA[javaseli19@gmail.comin BaseTest]]>
            </line>
            <line>
              <![CDATA[Autotest19in BaseTest]]>
            </line>
          </reporter-output>
        </test-method> <!-- GmailLogin -->
        <test-method status="PASS" signature="closeApp(org.testng.ITestResult)[pri:0, instance:TestPom.TestGmailLogin@2a5ca609]" name="closeApp" is-config="true" duration-ms="4135" started-at="2019-10-12T15:35:53Z" finished-at="2019-10-12T15:35:57Z">
          <params>
            <param index="0">
              <value>
                <![CDATA[[TestResult name=GmailLogin status=SUCCESS method=TestGmailLogin.GmailLogin()[pri:0, instance:TestPom.TestGmailLogin@2a5ca609] output=javaseli19@gmail.comin BaseTest]]]>
              </value>
            </param>
          </params>
          <reporter-output>
            <line>
              <![CDATA[TestGmailLogin is passed]]>
            </line>
          </reporter-output>
        </test-method> <!-- closeApp -->
      </class> <!-- TestPom.TestGmailLogin -->
    </test> <!-- Default test -->
  </suite> <!-- Default suite -->
</testng-results>
